<?xml version="1.0" encoding="UTF-8"?>
<testsuite xmlns:xsi="http://www.w3.org/2001/XMLSchema-instance" xsi:noNamespaceSchemaLocation="https://maven.apache.org/surefire/maven-surefire-plugin/xsd/surefire-test-report.xsd" version="3.0.1" name="runner1.TestRunner1" time="10.029" tests="1" errors="0" skipped="0" failures="0">
  <properties>
[...]
</properties>
  <testcase name="Login with Valid credentials" classname="Login functionality" time="5.742">
    <system-out><![CDATA[
Scenario: Login with Valid credentials                                                  # scr/test/resources/features/Login1.feature:3
  ✔ Given user navigates to login page                                                  # stepdefinition1.Login1.user_navigates_to_login_page()
  ✔ When user enters valid email address "rajendranayak3096@gmail.com" into email field # stepdefinition1.Login1.user_enters_valid_email_address_into_email_field(java.lang.String)
  ✔ And user enters valid password "rajendra@123" into password field                   # stepdefinition1.Login1.user_enters_valid_password_into_password_field(java.lang.String)
  ✔ And user clicks on login button                                                     # stepdefinition1.Login1.user_clicks_on_login_button()
  ✔ Then user should get successfully logged in                                         # stepdefinition1.Login1.user_should_get_successfully_logged_in()

        Embedding _L_o_g_i_n_ _w_i_t_h_ _V_a_l_i_d_ _c_r_e_d_e_n_t_i_a_l_s_ [image/png 102000 bytes]

]]></system-out>
    <system-err><![CDATA[Dec 23, 2025 8:03:03 PM org.openqa.selenium.devtools.CdpVersionFinder findNearestMatch
WARNING: Unable to find an exact match for CDP version 143, returning the closest version; found: 142; Please update to a Selenium version that supports CDP version 143
]]></system-err>
  </testcase>
</testsuite>